This file contains any messages produced by compilers while
running configure, to aid debugging if configure makes a mistake.

It was created by dijkstra configure 0.0.1, which was
generated by GNU Autoconf 2.69.  Invocation command line was

  $ ./configure 

## --------- ##
## Platform. ##
## --------- ##

hostname = Angel
uname -m = i686
uname -r = 3.8.0-19-generic
uname -s = Linux
uname -v = #29-Ubuntu SMP Wed Apr 17 18:19:42 UTC 2013

/usr/bin/uname -p = unknown
/bin/uname -X     = unknown

/bin/arch              = unknown
/usr/bin/arch -k       = unknown
/usr/convex/getsysinfo = unknown
/usr/bin/hostinfo      = unknown
/bin/machine           = unknown
/usr/bin/oslevel       = unknown
/bin/universe          = unknown

PATH: /home/jim/perl5/bin
PATH: /home/jim/bin
PATH: /usr/lib/lightdm/lightdm
PATH: /usr/local/sbin
PATH: /usr/local/bin
PATH: /usr/sbin
PATH: /usr/bin
PATH: /sbin
PATH: /bin
PATH: /usr/games
PATH: /usr/local/games


## ----------- ##
## Core tests. ##
## ----------- ##

configure:1824: checking for a BSD-compatible install
configure:1892: result: /usr/bin/install -c
configure:1903: checking whether build environment is sane
configure:1953: result: yes
configure:2094: checking for a thread-safe mkdir -p
configure:2133: result: /bin/mkdir -p
configure:2146: checking for gawk
configure:2162: found /usr/bin/gawk
configure:2173: result: gawk
configure:2184: checking whether make sets $(MAKE)
configure:2206: result: yes
configure:2345: checking for g++
configure:2361: found /usr/bin/g++
configure:2372: result: g++
configure:2399: checking for C++ compiler version
configure:2408: g++ --version >&5
g++ (Ubuntu/Linaro 4.7.3-1ubuntu1) 4.7.3
Copyright (C) 2012 Free Software Foundation, Inc.
This is free software; see the source for copying conditions.  There is NO
warranty; not even for MERCHANTABILITY or FITNESS FOR A PARTICULAR PURPOSE.

configure:2419: $? = 0
configure:2408: g++ -v >&5
Using built-in specs.
COLLECT_GCC=g++
COLLECT_LTO_WRAPPER=/usr/lib/gcc/i686-linux-gnu/4.7/lto-wrapper
Target: i686-linux-gnu
Configured with: ../src/configure -v --with-pkgversion='Ubuntu/Linaro 4.7.3-1ubuntu1' --with-bugurl=file:///usr/share/doc/gcc-4.7/README.Bugs --enable-languages=c,c++,go,fortran,objc,obj-c++ --prefix=/usr --program-suffix=-4.7 --enable-shared --enable-linker-build-id --libexecdir=/usr/lib --without-included-gettext --enable-threads=posix --with-gxx-include-dir=/usr/include/c++/4.7 --libdir=/usr/lib --enable-nls --with-sysroot=/ --enable-clocale=gnu --enable-libstdcxx-debug --enable-libstdcxx-time=yes --enable-gnu-unique-object --enable-plugin --with-system-zlib --enable-objc-gc --enable-targets=all --with-cloog --enable-cloog-backend=ppl --disable-cloog-version-check --disable-ppl-version-check --enable-multiarch --disable-werror --with-arch-32=i686 --with-multilib-list=m32,m64,mx32 --with-tune=generic --enable-checking=release --build=i686-linux-gnu --host=i686-linux-gnu --target=i686-linux-gnu
Thread model: posix
gcc version 4.7.3 (Ubuntu/Linaro 4.7.3-1ubuntu1) 
configure:2419: $? = 0
configure:2408: g++ -V >&5
g++: error: unrecognized command line option '-V'
g++: fatal error: no input files
compilation terminated.
configure:2419: $? = 4
configure:2408: g++ -qversion >&5
g++: error: unrecognized command line option '-qversion'
g++: fatal error: no input files
compilation terminated.
configure:2419: $? = 4
configure:2439: checking whether the C++ compiler works
configure:2461: g++ -std=c++11   conftest.cpp  >&5
configure:2465: $? = 0
configure:2513: result: yes
configure:2516: checking for C++ compiler default output file name
configure:2518: result: a.out
configure:2524: checking for suffix of executables
configure:2531: g++ -o conftest -std=c++11   conftest.cpp  >&5
configure:2535: $? = 0
configure:2557: result: 
configure:2579: checking whether we are cross compiling
configure:2587: g++ -o conftest -std=c++11   conftest.cpp  >&5
configure:2591: $? = 0
configure:2598: ./conftest
configure:2602: $? = 0
configure:2617: result: no
configure:2622: checking for suffix of object files
configure:2644: g++ -c -std=c++11  conftest.cpp >&5
configure:2648: $? = 0
configure:2669: result: o
configure:2673: checking whether we are using the GNU C++ compiler
configure:2692: g++ -c -std=c++11  conftest.cpp >&5
configure:2692: $? = 0
configure:2701: result: yes
configure:2710: checking whether g++ accepts -g
configure:2730: g++ -c -g  conftest.cpp >&5
configure:2730: $? = 0
configure:2771: result: yes
configure:2805: checking for style of include used by make
configure:2833: result: GNU
configure:2859: checking dependency style of g++
configure:2970: result: gcc3
configure:3154: creating ./config.status

## ---------------------- ##
## Running config.status. ##
## ---------------------- ##

This file was extended by dijkstra config.status 0.0.1, which was
generated by GNU Autoconf 2.69.  Invocation command line was

  CONFIG_FILES    = 
  CONFIG_HEADERS  = 
  CONFIG_LINKS    = 
  CONFIG_COMMANDS = 
  $ ./config.status 

on Angel

config.status:768: creating Makefile
config.status:940: executing depfiles commands

## ---------------- ##
## Cache variables. ##
## ---------------- ##

ac_cv_cxx_compiler_gnu=yes
ac_cv_env_CCC_set=
ac_cv_env_CCC_value=
ac_cv_env_CPPFLAGS_set=
ac_cv_env_CPPFLAGS_value=
ac_cv_env_CXXFLAGS_set=set
ac_cv_env_CXXFLAGS_value=-std=c++11
ac_cv_env_CXX_set=
ac_cv_env_CXX_value=
ac_cv_env_LDFLAGS_set=
ac_cv_env_LDFLAGS_value=
ac_cv_env_LIBS_set=
ac_cv_env_LIBS_value=
ac_cv_env_build_alias_set=
ac_cv_env_build_alias_value=
ac_cv_env_host_alias_set=
ac_cv_env_host_alias_value=
ac_cv_env_target_alias_set=
ac_cv_env_target_alias_value=
ac_cv_objext=o
ac_cv_path_install='/usr/bin/install -c'
ac_cv_path_mkdir=/bin/mkdir
ac_cv_prog_AWK=gawk
ac_cv_prog_ac_ct_CXX=g++
ac_cv_prog_cxx_g=yes
ac_cv_prog_make_make_set=yes
am_cv_CXX_dependencies_compiler_type=gcc3

## ----------------- ##
## Output variables. ##
## ----------------- ##

ACLOCAL='${SHELL} /home/jim/github/CS537/DijkstrasAlgorithm/dijkstra/missing --run aclocal-1.11'
AMDEPBACKSLASH='\'
AMDEP_FALSE='#'
AMDEP_TRUE=''
AMTAR='$${TAR-tar}'
AUTOCONF='${SHELL} /home/jim/github/CS537/DijkstrasAlgorithm/dijkstra/missing --run autoconf'
AUTOHEADER='${SHELL} /home/jim/github/CS537/DijkstrasAlgorithm/dijkstra/missing --run autoheader'
AUTOMAKE='${SHELL} /home/jim/github/CS537/DijkstrasAlgorithm/dijkstra/missing --run automake-1.11'
AWK='gawk'
CPPFLAGS=''
CXX='g++'
CXXDEPMODE='depmode=gcc3'
CXXFLAGS='-std=c++11'
CYGPATH_W='echo'
DEFS='-DPACKAGE_NAME=\"dijkstra\" -DPACKAGE_TARNAME=\"dijkstra\" -DPACKAGE_VERSION=\"0.0.1\" -DPACKAGE_STRING=\"dijkstra\ 0.0.1\" -DPACKAGE_BUGREPORT=\"count009@cougars.csusm.edu\" -DPACKAGE_URL=\"\" -DPACKAGE=\"dijkstra\" -DVERSION=\"0.0.1\"'
DEPDIR='.deps'
ECHO_C=''
ECHO_N='-n'
ECHO_T=''
EXEEXT=''
INSTALL_DATA='${INSTALL} -m 644'
INSTALL_PROGRAM='${INSTALL}'
INSTALL_SCRIPT='${INSTALL}'
INSTALL_STRIP_PROGRAM='$(install_sh) -c -s'
LDFLAGS=''
LIBOBJS=''
LIBS=''
LTLIBOBJS=''
MAKEINFO='${SHELL} /home/jim/github/CS537/DijkstrasAlgorithm/dijkstra/missing --run makeinfo'
MKDIR_P='/bin/mkdir -p'
OBJEXT='o'
PACKAGE='dijkstra'
PACKAGE_BUGREPORT='count009@cougars.csusm.edu'
PACKAGE_NAME='dijkstra'
PACKAGE_STRING='dijkstra 0.0.1'
PACKAGE_TARNAME='dijkstra'
PACKAGE_URL=''
PACKAGE_VERSION='0.0.1'
PATH_SEPARATOR=':'
SET_MAKE=''
SHELL='/bin/bash'
STRIP=''
VERSION='0.0.1'
ac_ct_CXX='g++'
am__EXEEXT_FALSE=''
am__EXEEXT_TRUE='#'
am__fastdepCXX_FALSE='#'
am__fastdepCXX_TRUE=''
am__include='include'
am__isrc=''
am__leading_dot='.'
am__nodep='_no'
am__quote=''
am__tar='$${TAR-tar} chof - "$$tardir"'
am__untar='$${TAR-tar} xf -'
bindir='${exec_prefix}/bin'
build_alias=''
datadir='${datarootdir}'
datarootdir='${prefix}/share'
docdir='${datarootdir}/doc/${PACKAGE_TARNAME}'
dvidir='${docdir}'
exec_prefix='${prefix}'
host_alias=''
htmldir='${docdir}'
includedir='${prefix}/include'
infodir='${datarootdir}/info'
install_sh='${SHELL} /home/jim/github/CS537/DijkstrasAlgorithm/dijkstra/install-sh'
libdir='${exec_prefix}/lib'
libexecdir='${exec_prefix}/libexec'
localedir='${datarootdir}/locale'
localstatedir='${prefix}/var'
mandir='${datarootdir}/man'
mkdir_p='/bin/mkdir -p'
oldincludedir='/usr/include'
pdfdir='${docdir}'
prefix='/usr/local'
program_transform_name='s,x,x,'
psdir='${docdir}'
sbindir='${exec_prefix}/sbin'
sharedstatedir='${prefix}/com'
sysconfdir='${prefix}/etc'
target_alias=''

## ----------- ##
## confdefs.h. ##
## ----------- ##

/* confdefs.h */
#define PACKAGE_NAME "dijkstra"
#define PACKAGE_TARNAME "dijkstra"
#define PACKAGE_VERSION "0.0.1"
#define PACKAGE_STRING "dijkstra 0.0.1"
#define PACKAGE_BUGREPORT "count009@cougars.csusm.edu"
#define PACKAGE_URL ""
#define PACKAGE "dijkstra"
#define VERSION "0.0.1"

configure: exit 0
